\BOOKMARK [0][-]{chapter*.3}{Introduction}{}% 1
\BOOKMARK [0][-]{chapter.1}{State\040of\040the\040Art}{}% 2
\BOOKMARK [1][-]{section.1.1}{State\040of\040the\040art\040on\040Optimal\040Control\040Problems}{chapter.1}% 3
\BOOKMARK [2][-]{subsection.1.1.1}{Optimal\040Control\040Problems}{section.1.1}% 4
\BOOKMARK [1][-]{section.1.2}{Optimal\040Control\040with\040Motorcycle\040Dynamics}{chapter.1}% 5
\BOOKMARK [0][-]{chapter.2}{Motorcycle\040model}{}% 6
\BOOKMARK [1][-]{section.2.1}{Kinematic\040model}{chapter.2}% 7
\BOOKMARK [2][-]{subsection.2.1.1}{Reference\040frames}{section.2.1}% 8
\BOOKMARK [2][-]{subsection.2.1.2}{Kinematic\040solution}{section.2.1}% 9
\BOOKMARK [2][-]{subsection.2.1.3}{Tyre-Ground\040penetration}{section.2.1}% 10
\BOOKMARK [2][-]{subsection.2.1.4}{Longitudinal\040and\040lateral\040slips}{section.2.1}% 11
\BOOKMARK [1][-]{section.2.2}{Dynamic\040Model}{chapter.2}% 12
\BOOKMARK [2][-]{subsection.2.2.1}{Motorcycle\040rigid\040body}{section.2.2}% 13
\BOOKMARK [2][-]{subsection.2.2.2}{Dummy\040bodies}{section.2.2}% 14
\BOOKMARK [1][-]{section.2.3}{Equations\040of\040motion}{chapter.2}% 15
\BOOKMARK [1][-]{section.2.4}{Reduction\040to\040Single\040Track\040model}{chapter.2}% 16
\BOOKMARK [0][-]{chapter.3}{Magic\040Formula\040Pacejka}{}% 17
\BOOKMARK [1][-]{section.3.1}{Longitudinal\040force}{chapter.3}% 18
\BOOKMARK [1][-]{section.3.2}{Lateral\040force}{chapter.3}% 19
\BOOKMARK [1][-]{section.3.3}{Self-aligning\040moment}{chapter.3}% 20
\BOOKMARK [1][-]{section.3.4}{Overturning\040moment}{chapter.3}% 21
\BOOKMARK [0][-]{chapter.4}{Static\040conditions\040and\040Steady\040State}{}% 22
\BOOKMARK [1][-]{section.4.1}{Static\040condition}{chapter.4}% 23
\BOOKMARK [1][-]{section.4.2}{Steady\040state}{chapter.4}% 24
\BOOKMARK [0][-]{chapter.5}{Optimal\040Control\040Problem}{}% 25
\BOOKMARK [0][-]{chapter.6}{Analysis\040of\040results}{}% 26
\BOOKMARK [0][-]{chapter*.7}{Conclusions}{}% 27
\BOOKMARK [0][-]{chapter*.8}{Bibliography}{}% 28
